<?xml version="1.0" encoding="UTF-8"?>
<!-- Generated by org.testng.reporters.JUnitReportReporter -->
<testsuite hostname="Sweety" failures="0" tests="1" name="Testng_demo.Testng_demo.Demo_testng" time="0.004" errors="0" timestamp="21 May 2020 21:52:29 GMT" skipped="0">
  <testcase classname="Testng_demo.Testng_demo.Demo_testng" name="e1" time="0.004"/>
</testsuite> <!-- Testng_demo.Testng_demo.Demo_testng -->
