<?xml version="1.0" encoding="UTF-8"?>
<!-- Generated by org.testng.reporters.JUnitReportReporter -->
<testsuite hostname="Sweety" failures="0" tests="4" name="Testng_demo.Testng_demo.Demo_dataprovider_readexcel" time="0.009" errors="0" timestamp="22 May 2020 23:27:13 GMT" skipped="0">
  <testcase classname="Testng_demo.Testng_demo.Demo_dataprovider_readexcel" name="validatingTrainerInfo" time="0.001"/>
  <testcase classname="Testng_demo.Testng_demo.Demo_dataprovider_readexcel" name="validatingTrainerInfo" time="0.006"/>
  <testcase classname="Testng_demo.Testng_demo.Demo_dataprovider_readexcel" name="validatingTrainerInfo" time="0.001"/>
  <testcase classname="Testng_demo.Testng_demo.Demo_dataprovider_readexcel" name="validatingTrainerInfo" time="0.001"/>
</testsuite> <!-- Testng_demo.Testng_demo.Demo_dataprovider_readexcel -->
