<?xml version="1.0" encoding="UTF-8"?>
<!-- Generated by org.testng.reporters.JUnitReportReporter -->
<testsuite hostname="Sweety" failures="0" tests="4" name="Testng_demo.Testng_demo.Demo_testngpriority" time="0.009" errors="0" timestamp="21 May 2020 22:03:04 GMT" skipped="1">
  <testcase classname="Testng_demo.Testng_demo.Demo_testngpriority" name="aM1" time="0.006"/>
  <testcase classname="Testng_demo.Testng_demo.Demo_testngpriority" name="m1" time="0.002"/>
  <testcase classname="Testng_demo.Testng_demo.Demo_testngpriority" name="A2M1" time="0.001"/>
  <testcase classname="Testng_demo.Testng_demo.Demo_testngpriority" name="a1M1">
    <skipped/>
  </testcase> <!-- a1M1 -->
</testsuite> <!-- Testng_demo.Testng_demo.Demo_testngpriority -->
