<?xml version="1.0" encoding="UTF-8"?>
<!-- Generated by org.testng.reporters.JUnitReportReporter -->
<testsuite hostname="Sweety" failures="0" tests="2" name="Testng_demo.Testng_demo.TC_Home" time="0.007" errors="0" timestamp="22 May 2020 23:02:15 GMT" skipped="0">
  <testcase classname="Testng_demo.Testng_demo.TC_Home" name="TC_Home_01" time="0.006"/>
  <testcase classname="Testng_demo.Testng_demo.TC_Home" name="TC_Home_02" time="0.001"/>
</testsuite> <!-- Testng_demo.Testng_demo.TC_Home -->
