<?xml version="1.0" encoding="UTF-8"?>
<!-- Generated by org.testng.reporters.JUnitReportReporter -->
<testsuite hostname="Sweety" failures="0" tests="1" name="Testng_demo.Testng_demo.TC_Login_group" time="0.001" errors="0" timestamp="2020-06-10T15:55:35 PDT" skipped="0">
  <testcase classname="Testng_demo.Testng_demo.TC_Login_group" name="TC_login_01" time="0.001"/>
  <system-out/>
</testsuite> <!-- Testng_demo.Testng_demo.TC_Login_group -->
