<?xml version="1.0" encoding="UTF-8"?>
<!-- Generated by org.testng.reporters.JUnitReportReporter -->
<testsuite hostname="Sweety" failures="0" tests="4" name="Testng_demo.Testng_demo.Demo_dataprovider_excel2" time="0.009" errors="0" timestamp="2020-05-29T18:09:03 PDT" skipped="0">
  <testcase classname="Testng_demo.Testng_demo.Demo_dataprovider_excel2" name="validatingTrainerInfo" time="0.001"/>
  <system-out/>
  <testcase classname="Testng_demo.Testng_demo.Demo_dataprovider_excel2" name="validatingTrainerInfo" time="0.001"/>
  <system-out/>
  <testcase classname="Testng_demo.Testng_demo.Demo_dataprovider_excel2" name="validatingTrainerInfo" time="0.006"/>
  <system-out/>
  <testcase classname="Testng_demo.Testng_demo.Demo_dataprovider_excel2" name="validatingTrainerInfo" time="0.001"/>
  <system-out/>
</testsuite> <!-- Testng_demo.Testng_demo.Demo_dataprovider_excel2 -->
