<?xml version="1.0" encoding="UTF-8"?>
<!-- Generated by org.testng.reporters.JUnitReportReporter -->
<testsuite hostname="Sweety" failures="0" tests="4" name="Testng_demo.Testng_demo.Demo3_testng" time="0.014" errors="0" timestamp="21 May 2020 21:59:30 GMT" skipped="0">
  <testcase classname="Testng_demo.Testng_demo.Demo3_testng" name="aM1" time="0.001"/>
  <testcase classname="Testng_demo.Testng_demo.Demo3_testng" name="m1" time="0.009"/>
  <testcase classname="Testng_demo.Testng_demo.Demo3_testng" name="a1M1" time="0.001"/>
  <testcase classname="Testng_demo.Testng_demo.Demo3_testng" name="A2M1" time="0.003"/>
</testsuite> <!-- Testng_demo.Testng_demo.Demo3_testng -->
