<?xml version="1.0" encoding="UTF-8"?>
<!-- Generated by org.testng.reporters.JUnitReportReporter -->
<testsuite hostname="Sweety" failures="0" tests="4" name="Testng_demo.Testng_demo.TC_LOGIN_DOM" time="0.011" errors="0" timestamp="25 May 2020 21:41:55 GMT" skipped="0">
  <testcase classname="Testng_demo.Testng_demo.TC_LOGIN_DOM" name="TC_Login_03" time="0.000"/>
  <testcase classname="Testng_demo.Testng_demo.TC_LOGIN_DOM" name="TC_Login_02" time="0.001"/>
  <testcase classname="Testng_demo.Testng_demo.TC_LOGIN_DOM" name="TC_Login_01" time="0.009"/>
  <testcase classname="Testng_demo.Testng_demo.TC_LOGIN_DOM" name="TC_Login_04" time="0.001"/>
</testsuite> <!-- Testng_demo.Testng_demo.TC_LOGIN_DOM -->
