<?xml version="1.0" encoding="UTF-8"?>
<!-- Generated by org.testng.reporters.JUnitReportReporter -->
<testsuite skipped="0" hostname="Sweety" name="Testng_demo.Testng_demo.TC_Home" tests="2" failures="0" timestamp="2020-06-10T23:39:13 PDT" time="0.010" errors="0">
  <testcase name="TC_Home_02" time="0.001" classname="Testng_demo.Testng_demo.TC_Home"/>
  <system-out/>
  <testcase name="TC_Home_01" time="0.009" classname="Testng_demo.Testng_demo.TC_Home"/>
  <system-out/>
</testsuite> <!-- Testng_demo.Testng_demo.TC_Home -->
