<?xml version="1.0" encoding="UTF-8"?>
<!-- Generated by org.testng.reporters.JUnitReportReporter -->
<testsuite skipped="0" hostname="Sweety" name="Testng_demo.Testng_demo.TC_Login_group" tests="1" failures="0" timestamp="2020-06-10T23:38:41 PDT" time="0.001" errors="0">
  <testcase name="TC_login_01" time="0.001" classname="Testng_demo.Testng_demo.TC_Login_group"/>
  <system-out/>
</testsuite> <!-- Testng_demo.Testng_demo.TC_Login_group -->
