<?xml version="1.0" encoding="UTF-8"?>
<!-- Generated by org.testng.reporters.JUnitReportReporter -->
<testsuite hostname="Sweety" failures="0" tests="1" name="Testng_demo.Testng_demo.demo_testng2" time="0.003" errors="0" timestamp="21 May 2020 21:53:00 GMT" skipped="0">
  <testcase classname="Testng_demo.Testng_demo.demo_testng2" name="m3" time="0.003"/>
</testsuite> <!-- Testng_demo.Testng_demo.demo_testng2 -->
